  소스.cpp
c:\program files (x86)\microsoft visual studio\2017\wdexpress\vc\tools\msvc\14.16.27023\include\xstddef(141): error C2678: 이항 '<': 왼쪽 피연산자로 'const _Ty' 형식을 사용하는 연산자가 없거나 허용되는 변환이 없습니다.
          with
          [
              _Ty=node
          ]
  c:\program files (x86)\microsoft visual studio\2017\wdexpress\vc\tools\msvc\14.16.27023\include\system_error(319): note: 'bool std::operator <(const std::error_condition &,const std::error_condition &) noexcept'일 수 있습니다.
  c:\program files (x86)\microsoft visual studio\2017\wdexpress\vc\tools\msvc\14.16.27023\include\system_error(312): note: 또는       'bool std::operator <(const std::error_code &,const std::error_code &) noexcept'
  c:\program files (x86)\microsoft visual studio\2017\wdexpress\vc\tools\msvc\14.16.27023\include\xstddef(141): note: 인수 목록 '(const _Ty, const _Ty)'을(를) 일치시키는 동안
          with
          [
              _Ty=node
          ]
  c:\program files (x86)\microsoft visual studio\2017\wdexpress\vc\tools\msvc\14.16.27023\include\xstddef(140): note: 클래스 템플릿 멤버 함수 'bool std::less<node>::operator ()(const _Ty &,const _Ty &) const'을(를) 컴파일하고 있습니다.
          with
          [
              _Ty=node
          ]
  c:\program files (x86)\microsoft visual studio\2017\wdexpress\vc\tools\msvc\14.16.27023\include\xutility(1110): note: 컴파일 중인 함수 템플릿 인스턴스화 'bool std::less<node>::operator ()(const _Ty &,const _Ty &) const'에 대한 참조를 확인하십시오.
          with
          [
              _Ty=node
          ]
  c:\program files (x86)\microsoft visual studio\2017\wdexpress\vc\tools\msvc\14.16.27023\include\type_traits(1049): note: 컴파일 중인 클래스 템플릿 인스턴스화 'std::less<node>'에 대한 참조를 확인하세요.
  c:\program files (x86)\microsoft visual studio\2017\wdexpress\vc\tools\msvc\14.16.27023\include\queue(247): note: 컴파일되는 변수 템플릿 'const bool is_nothrow_default_constructible_v<std::less<node> >'에 대한 참조를 확인하세요.
  c:\users\multicampus\documents\github\saf_al\algorithm\algo\algo\소스.cpp(37): note: 컴파일 중인 클래스 템플릿 인스턴스화 'std::priority_queue<node,std::vector<node,std::allocator<_Ty>>,std::less<_Ty>>'에 대한 참조를 확인하세요.
          with
          [
              _Ty=node
          ]
